ARM GAS  C:\Users\16323\AppData\Local\Temp\ccW54Rhj.s 			page 1


   1              		.cpu cortex-m4
   2              		.arch armv7e-m
   3              		.fpu fpv4-sp-d16
   4              		.eabi_attribute 27, 1
   5              		.eabi_attribute 28, 1
   6              		.eabi_attribute 20, 1
   7              		.eabi_attribute 21, 1
   8              		.eabi_attribute 23, 3
   9              		.eabi_attribute 24, 1
  10              		.eabi_attribute 25, 1
  11              		.eabi_attribute 26, 1
  12              		.eabi_attribute 30, 6
  13              		.eabi_attribute 34, 1
  14              		.eabi_attribute 18, 4
  15              		.file	"spi.c"
  16              		.text
  17              	.Ltext0:
  18              		.cfi_sections	.debug_frame
  19              		.global	hspi1
  20              		.section	.bss.hspi1,"aw",%nobits
  21              		.align	2
  24              	hspi1:
  25 0000 00000000 		.space	88
  25      00000000 
  25      00000000 
  25      00000000 
  25      00000000 
  26              		.global	hspi3
  27              		.section	.bss.hspi3,"aw",%nobits
  28              		.align	2
  31              	hspi3:
  32 0000 00000000 		.space	88
  32      00000000 
  32      00000000 
  32      00000000 
  32      00000000 
  33              		.section	.text.MX_SPI1_Init,"ax",%progbits
  34              		.align	1
  35              		.global	MX_SPI1_Init
  36              		.syntax unified
  37              		.thumb
  38              		.thumb_func
  40              	MX_SPI1_Init:
  41              	.LFB239:
  42              		.file 1 "Core/Src/spi.c"
   1:Core/Src/spi.c **** /* USER CODE BEGIN Header */
   2:Core/Src/spi.c **** /**
   3:Core/Src/spi.c ****   ******************************************************************************
   4:Core/Src/spi.c ****   * @file    spi.c
   5:Core/Src/spi.c ****   * @brief   This file provides code for the configuration
   6:Core/Src/spi.c ****   *          of the SPI instances.
   7:Core/Src/spi.c ****   ******************************************************************************
   8:Core/Src/spi.c ****   * @attention
   9:Core/Src/spi.c ****   *
  10:Core/Src/spi.c ****   * Copyright (c) 2024 STMicroelectronics.
  11:Core/Src/spi.c ****   * All rights reserved.
  12:Core/Src/spi.c ****   *
ARM GAS  C:\Users\16323\AppData\Local\Temp\ccW54Rhj.s 			page 2


  13:Core/Src/spi.c ****   * This software is licensed under terms that can be found in the LICENSE file
  14:Core/Src/spi.c ****   * in the root directory of this software component.
  15:Core/Src/spi.c ****   * If no LICENSE file comes with this software, it is provided AS-IS.
  16:Core/Src/spi.c ****   *
  17:Core/Src/spi.c ****   ******************************************************************************
  18:Core/Src/spi.c ****   */
  19:Core/Src/spi.c **** /* USER CODE END Header */
  20:Core/Src/spi.c **** /* Includes ------------------------------------------------------------------*/
  21:Core/Src/spi.c **** #include "spi.h"
  22:Core/Src/spi.c **** 
  23:Core/Src/spi.c **** /* USER CODE BEGIN 0 */
  24:Core/Src/spi.c **** 
  25:Core/Src/spi.c **** /* USER CODE END 0 */
  26:Core/Src/spi.c **** 
  27:Core/Src/spi.c **** SPI_HandleTypeDef hspi1;
  28:Core/Src/spi.c **** SPI_HandleTypeDef hspi3;
  29:Core/Src/spi.c **** 
  30:Core/Src/spi.c **** /* SPI1 init function */
  31:Core/Src/spi.c **** void MX_SPI1_Init(void)
  32:Core/Src/spi.c **** {
  43              		.loc 1 32 1
  44              		.cfi_startproc
  45              		@ args = 0, pretend = 0, frame = 0
  46              		@ frame_needed = 1, uses_anonymous_args = 0
  47 0000 80B5     		push	{r7, lr}
  48              	.LCFI0:
  49              		.cfi_def_cfa_offset 8
  50              		.cfi_offset 7, -8
  51              		.cfi_offset 14, -4
  52 0002 00AF     		add	r7, sp, #0
  53              	.LCFI1:
  54              		.cfi_def_cfa_register 7
  33:Core/Src/spi.c **** 
  34:Core/Src/spi.c ****   /* USER CODE BEGIN SPI1_Init 0 */
  35:Core/Src/spi.c **** 
  36:Core/Src/spi.c ****   /* USER CODE END SPI1_Init 0 */
  37:Core/Src/spi.c **** 
  38:Core/Src/spi.c ****   /* USER CODE BEGIN SPI1_Init 1 */
  39:Core/Src/spi.c **** 
  40:Core/Src/spi.c ****   /* USER CODE END SPI1_Init 1 */
  41:Core/Src/spi.c ****   hspi1.Instance = SPI1;
  55              		.loc 1 41 18
  56 0004 184B     		ldr	r3, .L4
  57 0006 194A     		ldr	r2, .L4+4
  58 0008 1A60     		str	r2, [r3]
  42:Core/Src/spi.c ****   hspi1.Init.Mode = SPI_MODE_MASTER;
  59              		.loc 1 42 19
  60 000a 174B     		ldr	r3, .L4
  61 000c 4FF48272 		mov	r2, #260
  62 0010 5A60     		str	r2, [r3, #4]
  43:Core/Src/spi.c ****   hspi1.Init.Direction = SPI_DIRECTION_2LINES;
  63              		.loc 1 43 24
  64 0012 154B     		ldr	r3, .L4
  65 0014 0022     		movs	r2, #0
  66 0016 9A60     		str	r2, [r3, #8]
  44:Core/Src/spi.c ****   hspi1.Init.DataSize = SPI_DATASIZE_16BIT;
  67              		.loc 1 44 23
ARM GAS  C:\Users\16323\AppData\Local\Temp\ccW54Rhj.s 			page 3


  68 0018 134B     		ldr	r3, .L4
  69 001a 4FF40062 		mov	r2, #2048
  70 001e DA60     		str	r2, [r3, #12]
  45:Core/Src/spi.c ****   hspi1.Init.CLKPolarity = SPI_POLARITY_LOW;
  71              		.loc 1 45 26
  72 0020 114B     		ldr	r3, .L4
  73 0022 0022     		movs	r2, #0
  74 0024 1A61     		str	r2, [r3, #16]
  46:Core/Src/spi.c ****   hspi1.Init.CLKPhase = SPI_PHASE_2EDGE;
  75              		.loc 1 46 23
  76 0026 104B     		ldr	r3, .L4
  77 0028 0122     		movs	r2, #1
  78 002a 5A61     		str	r2, [r3, #20]
  47:Core/Src/spi.c ****   hspi1.Init.NSS = SPI_NSS_SOFT;
  79              		.loc 1 47 18
  80 002c 0E4B     		ldr	r3, .L4
  81 002e 4FF40072 		mov	r2, #512
  82 0032 9A61     		str	r2, [r3, #24]
  48:Core/Src/spi.c ****   hspi1.Init.BaudRatePrescaler = SPI_BAUDRATEPRESCALER_64;
  83              		.loc 1 48 32
  84 0034 0C4B     		ldr	r3, .L4
  85 0036 2822     		movs	r2, #40
  86 0038 DA61     		str	r2, [r3, #28]
  49:Core/Src/spi.c ****   hspi1.Init.FirstBit = SPI_FIRSTBIT_MSB;
  87              		.loc 1 49 23
  88 003a 0B4B     		ldr	r3, .L4
  89 003c 0022     		movs	r2, #0
  90 003e 1A62     		str	r2, [r3, #32]
  50:Core/Src/spi.c ****   hspi1.Init.TIMode = SPI_TIMODE_DISABLE;
  91              		.loc 1 50 21
  92 0040 094B     		ldr	r3, .L4
  93 0042 0022     		movs	r2, #0
  94 0044 5A62     		str	r2, [r3, #36]
  51:Core/Src/spi.c ****   hspi1.Init.CRCCalculation = SPI_CRCCALCULATION_DISABLE;
  95              		.loc 1 51 29
  96 0046 084B     		ldr	r3, .L4
  97 0048 0022     		movs	r2, #0
  98 004a 9A62     		str	r2, [r3, #40]
  52:Core/Src/spi.c ****   hspi1.Init.CRCPolynomial = 10;
  99              		.loc 1 52 28
 100 004c 064B     		ldr	r3, .L4
 101 004e 0A22     		movs	r2, #10
 102 0050 DA62     		str	r2, [r3, #44]
  53:Core/Src/spi.c ****   if (HAL_SPI_Init(&hspi1) != HAL_OK)
 103              		.loc 1 53 7
 104 0052 0548     		ldr	r0, .L4
 105 0054 FFF7FEFF 		bl	HAL_SPI_Init
 106 0058 0346     		mov	r3, r0
 107              		.loc 1 53 6
 108 005a 002B     		cmp	r3, #0
 109 005c 01D0     		beq	.L3
  54:Core/Src/spi.c ****   {
  55:Core/Src/spi.c ****     Error_Handler();
 110              		.loc 1 55 5
 111 005e FFF7FEFF 		bl	Error_Handler
 112              	.L3:
  56:Core/Src/spi.c ****   }
ARM GAS  C:\Users\16323\AppData\Local\Temp\ccW54Rhj.s 			page 4


  57:Core/Src/spi.c ****   /* USER CODE BEGIN SPI1_Init 2 */
  58:Core/Src/spi.c **** 
  59:Core/Src/spi.c ****   /* USER CODE END SPI1_Init 2 */
  60:Core/Src/spi.c **** 
  61:Core/Src/spi.c **** }
 113              		.loc 1 61 1
 114 0062 00BF     		nop
 115 0064 80BD     		pop	{r7, pc}
 116              	.L5:
 117 0066 00BF     		.align	2
 118              	.L4:
 119 0068 00000000 		.word	hspi1
 120 006c 00300140 		.word	1073819648
 121              		.cfi_endproc
 122              	.LFE239:
 124              		.section	.text.MX_SPI3_Init,"ax",%progbits
 125              		.align	1
 126              		.global	MX_SPI3_Init
 127              		.syntax unified
 128              		.thumb
 129              		.thumb_func
 131              	MX_SPI3_Init:
 132              	.LFB240:
  62:Core/Src/spi.c **** /* SPI3 init function */
  63:Core/Src/spi.c **** void MX_SPI3_Init(void)
  64:Core/Src/spi.c **** {
 133              		.loc 1 64 1
 134              		.cfi_startproc
 135              		@ args = 0, pretend = 0, frame = 0
 136              		@ frame_needed = 1, uses_anonymous_args = 0
 137 0000 80B5     		push	{r7, lr}
 138              	.LCFI2:
 139              		.cfi_def_cfa_offset 8
 140              		.cfi_offset 7, -8
 141              		.cfi_offset 14, -4
 142 0002 00AF     		add	r7, sp, #0
 143              	.LCFI3:
 144              		.cfi_def_cfa_register 7
  65:Core/Src/spi.c **** 
  66:Core/Src/spi.c ****   /* USER CODE BEGIN SPI3_Init 0 */
  67:Core/Src/spi.c **** 
  68:Core/Src/spi.c ****   /* USER CODE END SPI3_Init 0 */
  69:Core/Src/spi.c **** 
  70:Core/Src/spi.c ****   /* USER CODE BEGIN SPI3_Init 1 */
  71:Core/Src/spi.c **** 
  72:Core/Src/spi.c ****   /* USER CODE END SPI3_Init 1 */
  73:Core/Src/spi.c ****   hspi3.Instance = SPI3;
 145              		.loc 1 73 18
 146 0004 184B     		ldr	r3, .L9
 147 0006 194A     		ldr	r2, .L9+4
 148 0008 1A60     		str	r2, [r3]
  74:Core/Src/spi.c ****   hspi3.Init.Mode = SPI_MODE_MASTER;
 149              		.loc 1 74 19
 150 000a 174B     		ldr	r3, .L9
 151 000c 4FF48272 		mov	r2, #260
 152 0010 5A60     		str	r2, [r3, #4]
  75:Core/Src/spi.c ****   hspi3.Init.Direction = SPI_DIRECTION_2LINES;
ARM GAS  C:\Users\16323\AppData\Local\Temp\ccW54Rhj.s 			page 5


 153              		.loc 1 75 24
 154 0012 154B     		ldr	r3, .L9
 155 0014 0022     		movs	r2, #0
 156 0016 9A60     		str	r2, [r3, #8]
  76:Core/Src/spi.c ****   hspi3.Init.DataSize = SPI_DATASIZE_16BIT;
 157              		.loc 1 76 23
 158 0018 134B     		ldr	r3, .L9
 159 001a 4FF40062 		mov	r2, #2048
 160 001e DA60     		str	r2, [r3, #12]
  77:Core/Src/spi.c ****   hspi3.Init.CLKPolarity = SPI_POLARITY_LOW;
 161              		.loc 1 77 26
 162 0020 114B     		ldr	r3, .L9
 163 0022 0022     		movs	r2, #0
 164 0024 1A61     		str	r2, [r3, #16]
  78:Core/Src/spi.c ****   hspi3.Init.CLKPhase = SPI_PHASE_1EDGE;
 165              		.loc 1 78 23
 166 0026 104B     		ldr	r3, .L9
 167 0028 0022     		movs	r2, #0
 168 002a 5A61     		str	r2, [r3, #20]
  79:Core/Src/spi.c ****   hspi3.Init.NSS = SPI_NSS_SOFT;
 169              		.loc 1 79 18
 170 002c 0E4B     		ldr	r3, .L9
 171 002e 4FF40072 		mov	r2, #512
 172 0032 9A61     		str	r2, [r3, #24]
  80:Core/Src/spi.c ****   hspi3.Init.BaudRatePrescaler = SPI_BAUDRATEPRESCALER_2;
 173              		.loc 1 80 32
 174 0034 0C4B     		ldr	r3, .L9
 175 0036 0022     		movs	r2, #0
 176 0038 DA61     		str	r2, [r3, #28]
  81:Core/Src/spi.c ****   hspi3.Init.FirstBit = SPI_FIRSTBIT_MSB;
 177              		.loc 1 81 23
 178 003a 0B4B     		ldr	r3, .L9
 179 003c 0022     		movs	r2, #0
 180 003e 1A62     		str	r2, [r3, #32]
  82:Core/Src/spi.c ****   hspi3.Init.TIMode = SPI_TIMODE_DISABLE;
 181              		.loc 1 82 21
 182 0040 094B     		ldr	r3, .L9
 183 0042 0022     		movs	r2, #0
 184 0044 5A62     		str	r2, [r3, #36]
  83:Core/Src/spi.c ****   hspi3.Init.CRCCalculation = SPI_CRCCALCULATION_DISABLE;
 185              		.loc 1 83 29
 186 0046 084B     		ldr	r3, .L9
 187 0048 0022     		movs	r2, #0
 188 004a 9A62     		str	r2, [r3, #40]
  84:Core/Src/spi.c ****   hspi3.Init.CRCPolynomial = 10;
 189              		.loc 1 84 28
 190 004c 064B     		ldr	r3, .L9
 191 004e 0A22     		movs	r2, #10
 192 0050 DA62     		str	r2, [r3, #44]
  85:Core/Src/spi.c ****   if (HAL_SPI_Init(&hspi3) != HAL_OK)
 193              		.loc 1 85 7
 194 0052 0548     		ldr	r0, .L9
 195 0054 FFF7FEFF 		bl	HAL_SPI_Init
 196 0058 0346     		mov	r3, r0
 197              		.loc 1 85 6
 198 005a 002B     		cmp	r3, #0
 199 005c 01D0     		beq	.L8
ARM GAS  C:\Users\16323\AppData\Local\Temp\ccW54Rhj.s 			page 6


  86:Core/Src/spi.c ****   {
  87:Core/Src/spi.c ****     Error_Handler();
 200              		.loc 1 87 5
 201 005e FFF7FEFF 		bl	Error_Handler
 202              	.L8:
  88:Core/Src/spi.c ****   }
  89:Core/Src/spi.c ****   /* USER CODE BEGIN SPI3_Init 2 */
  90:Core/Src/spi.c **** 
  91:Core/Src/spi.c ****   /* USER CODE END SPI3_Init 2 */
  92:Core/Src/spi.c **** 
  93:Core/Src/spi.c **** }
 203              		.loc 1 93 1
 204 0062 00BF     		nop
 205 0064 80BD     		pop	{r7, pc}
 206              	.L10:
 207 0066 00BF     		.align	2
 208              	.L9:
 209 0068 00000000 		.word	hspi3
 210 006c 003C0040 		.word	1073757184
 211              		.cfi_endproc
 212              	.LFE240:
 214              		.section	.text.HAL_SPI_MspInit,"ax",%progbits
 215              		.align	1
 216              		.global	HAL_SPI_MspInit
 217              		.syntax unified
 218              		.thumb
 219              		.thumb_func
 221              	HAL_SPI_MspInit:
 222              	.LFB241:
  94:Core/Src/spi.c **** 
  95:Core/Src/spi.c **** void HAL_SPI_MspInit(SPI_HandleTypeDef* spiHandle)
  96:Core/Src/spi.c **** {
 223              		.loc 1 96 1
 224              		.cfi_startproc
 225              		@ args = 0, pretend = 0, frame = 48
 226              		@ frame_needed = 1, uses_anonymous_args = 0
 227 0000 80B5     		push	{r7, lr}
 228              	.LCFI4:
 229              		.cfi_def_cfa_offset 8
 230              		.cfi_offset 7, -8
 231              		.cfi_offset 14, -4
 232 0002 8CB0     		sub	sp, sp, #48
 233              	.LCFI5:
 234              		.cfi_def_cfa_offset 56
 235 0004 00AF     		add	r7, sp, #0
 236              	.LCFI6:
 237              		.cfi_def_cfa_register 7
 238 0006 7860     		str	r0, [r7, #4]
  97:Core/Src/spi.c **** 
  98:Core/Src/spi.c ****   GPIO_InitTypeDef GPIO_InitStruct = {0};
 239              		.loc 1 98 20
 240 0008 07F11C03 		add	r3, r7, #28
 241 000c 0022     		movs	r2, #0
 242 000e 1A60     		str	r2, [r3]
 243 0010 5A60     		str	r2, [r3, #4]
 244 0012 9A60     		str	r2, [r3, #8]
 245 0014 DA60     		str	r2, [r3, #12]
ARM GAS  C:\Users\16323\AppData\Local\Temp\ccW54Rhj.s 			page 7


 246 0016 1A61     		str	r2, [r3, #16]
  99:Core/Src/spi.c ****   if(spiHandle->Instance==SPI1)
 247              		.loc 1 99 15
 248 0018 7B68     		ldr	r3, [r7, #4]
 249 001a 1B68     		ldr	r3, [r3]
 250              		.loc 1 99 5
 251 001c 324A     		ldr	r2, .L15
 252 001e 9342     		cmp	r3, r2
 253 0020 2CD1     		bne	.L12
 254              	.LBB2:
 100:Core/Src/spi.c ****   {
 101:Core/Src/spi.c ****   /* USER CODE BEGIN SPI1_MspInit 0 */
 102:Core/Src/spi.c **** 
 103:Core/Src/spi.c ****   /* USER CODE END SPI1_MspInit 0 */
 104:Core/Src/spi.c ****     /* SPI1 clock enable */
 105:Core/Src/spi.c ****     __HAL_RCC_SPI1_CLK_ENABLE();
 255              		.loc 1 105 5
 256 0022 0023     		movs	r3, #0
 257 0024 BB61     		str	r3, [r7, #24]
 258 0026 314B     		ldr	r3, .L15+4
 259 0028 5B6C     		ldr	r3, [r3, #68]
 260 002a 304A     		ldr	r2, .L15+4
 261 002c 43F48053 		orr	r3, r3, #4096
 262 0030 5364     		str	r3, [r2, #68]
 263 0032 2E4B     		ldr	r3, .L15+4
 264 0034 5B6C     		ldr	r3, [r3, #68]
 265 0036 03F48053 		and	r3, r3, #4096
 266 003a BB61     		str	r3, [r7, #24]
 267 003c BB69     		ldr	r3, [r7, #24]
 268              	.LBE2:
 269              	.LBB3:
 106:Core/Src/spi.c **** 
 107:Core/Src/spi.c ****     __HAL_RCC_GPIOA_CLK_ENABLE();
 270              		.loc 1 107 5
 271 003e 0023     		movs	r3, #0
 272 0040 7B61     		str	r3, [r7, #20]
 273 0042 2A4B     		ldr	r3, .L15+4
 274 0044 1B6B     		ldr	r3, [r3, #48]
 275 0046 294A     		ldr	r2, .L15+4
 276 0048 43F00103 		orr	r3, r3, #1
 277 004c 1363     		str	r3, [r2, #48]
 278 004e 274B     		ldr	r3, .L15+4
 279 0050 1B6B     		ldr	r3, [r3, #48]
 280 0052 03F00103 		and	r3, r3, #1
 281 0056 7B61     		str	r3, [r7, #20]
 282 0058 7B69     		ldr	r3, [r7, #20]
 283              	.LBE3:
 108:Core/Src/spi.c ****     /**SPI1 GPIO Configuration
 109:Core/Src/spi.c ****     PA5     ------> SPI1_SCK
 110:Core/Src/spi.c ****     PA6     ------> SPI1_MISO
 111:Core/Src/spi.c ****     PA7     ------> SPI1_MOSI
 112:Core/Src/spi.c ****     */
 113:Core/Src/spi.c ****     GPIO_InitStruct.Pin = GPIO_PIN_5|GPIO_PIN_6|GPIO_PIN_7;
 284              		.loc 1 113 25
 285 005a E023     		movs	r3, #224
 286 005c FB61     		str	r3, [r7, #28]
 114:Core/Src/spi.c ****     GPIO_InitStruct.Mode = GPIO_MODE_AF_PP;
ARM GAS  C:\Users\16323\AppData\Local\Temp\ccW54Rhj.s 			page 8


 287              		.loc 1 114 26
 288 005e 0223     		movs	r3, #2
 289 0060 3B62     		str	r3, [r7, #32]
 115:Core/Src/spi.c ****     GPIO_InitStruct.Pull = GPIO_NOPULL;
 290              		.loc 1 115 26
 291 0062 0023     		movs	r3, #0
 292 0064 7B62     		str	r3, [r7, #36]
 116:Core/Src/spi.c ****     GPIO_InitStruct.Speed = GPIO_SPEED_FREQ_VERY_HIGH;
 293              		.loc 1 116 27
 294 0066 0323     		movs	r3, #3
 295 0068 BB62     		str	r3, [r7, #40]
 117:Core/Src/spi.c ****     GPIO_InitStruct.Alternate = GPIO_AF5_SPI1;
 296              		.loc 1 117 31
 297 006a 0523     		movs	r3, #5
 298 006c FB62     		str	r3, [r7, #44]
 118:Core/Src/spi.c ****     HAL_GPIO_Init(GPIOA, &GPIO_InitStruct);
 299              		.loc 1 118 5
 300 006e 07F11C03 		add	r3, r7, #28
 301 0072 1946     		mov	r1, r3
 302 0074 1E48     		ldr	r0, .L15+8
 303 0076 FFF7FEFF 		bl	HAL_GPIO_Init
 119:Core/Src/spi.c **** 
 120:Core/Src/spi.c ****   /* USER CODE BEGIN SPI1_MspInit 1 */
 121:Core/Src/spi.c **** 
 122:Core/Src/spi.c ****   /* USER CODE END SPI1_MspInit 1 */
 123:Core/Src/spi.c ****   }
 124:Core/Src/spi.c ****   else if(spiHandle->Instance==SPI3)
 125:Core/Src/spi.c ****   {
 126:Core/Src/spi.c ****   /* USER CODE BEGIN SPI3_MspInit 0 */
 127:Core/Src/spi.c **** 
 128:Core/Src/spi.c ****   /* USER CODE END SPI3_MspInit 0 */
 129:Core/Src/spi.c ****     /* SPI3 clock enable */
 130:Core/Src/spi.c ****     __HAL_RCC_SPI3_CLK_ENABLE();
 131:Core/Src/spi.c **** 
 132:Core/Src/spi.c ****     __HAL_RCC_GPIOC_CLK_ENABLE();
 133:Core/Src/spi.c ****     /**SPI3 GPIO Configuration
 134:Core/Src/spi.c ****     PC10     ------> SPI3_SCK
 135:Core/Src/spi.c ****     PC11     ------> SPI3_MISO
 136:Core/Src/spi.c ****     PC12     ------> SPI3_MOSI
 137:Core/Src/spi.c ****     */
 138:Core/Src/spi.c ****     GPIO_InitStruct.Pin = GPIO_PIN_10|GPIO_PIN_11|GPIO_PIN_12;
 139:Core/Src/spi.c ****     GPIO_InitStruct.Mode = GPIO_MODE_AF_PP;
 140:Core/Src/spi.c ****     GPIO_InitStruct.Pull = GPIO_NOPULL;
 141:Core/Src/spi.c ****     GPIO_InitStruct.Speed = GPIO_SPEED_FREQ_VERY_HIGH;
 142:Core/Src/spi.c ****     GPIO_InitStruct.Alternate = GPIO_AF6_SPI3;
 143:Core/Src/spi.c ****     HAL_GPIO_Init(GPIOC, &GPIO_InitStruct);
 144:Core/Src/spi.c **** 
 145:Core/Src/spi.c ****   /* USER CODE BEGIN SPI3_MspInit 1 */
 146:Core/Src/spi.c **** 
 147:Core/Src/spi.c ****   /* USER CODE END SPI3_MspInit 1 */
 148:Core/Src/spi.c ****   }
 149:Core/Src/spi.c **** }
 304              		.loc 1 149 1
 305 007a 31E0     		b	.L14
 306              	.L12:
 124:Core/Src/spi.c ****   {
 307              		.loc 1 124 20
ARM GAS  C:\Users\16323\AppData\Local\Temp\ccW54Rhj.s 			page 9


 308 007c 7B68     		ldr	r3, [r7, #4]
 309 007e 1B68     		ldr	r3, [r3]
 124:Core/Src/spi.c ****   {
 310              		.loc 1 124 10
 311 0080 1C4A     		ldr	r2, .L15+12
 312 0082 9342     		cmp	r3, r2
 313 0084 2CD1     		bne	.L14
 314              	.LBB4:
 130:Core/Src/spi.c **** 
 315              		.loc 1 130 5
 316 0086 0023     		movs	r3, #0
 317 0088 3B61     		str	r3, [r7, #16]
 318 008a 184B     		ldr	r3, .L15+4
 319 008c 1B6C     		ldr	r3, [r3, #64]
 320 008e 174A     		ldr	r2, .L15+4
 321 0090 43F40043 		orr	r3, r3, #32768
 322 0094 1364     		str	r3, [r2, #64]
 323 0096 154B     		ldr	r3, .L15+4
 324 0098 1B6C     		ldr	r3, [r3, #64]
 325 009a 03F40043 		and	r3, r3, #32768
 326 009e 3B61     		str	r3, [r7, #16]
 327 00a0 3B69     		ldr	r3, [r7, #16]
 328              	.LBE4:
 329              	.LBB5:
 132:Core/Src/spi.c ****     /**SPI3 GPIO Configuration
 330              		.loc 1 132 5
 331 00a2 0023     		movs	r3, #0
 332 00a4 FB60     		str	r3, [r7, #12]
 333 00a6 114B     		ldr	r3, .L15+4
 334 00a8 1B6B     		ldr	r3, [r3, #48]
 335 00aa 104A     		ldr	r2, .L15+4
 336 00ac 43F00403 		orr	r3, r3, #4
 337 00b0 1363     		str	r3, [r2, #48]
 338 00b2 0E4B     		ldr	r3, .L15+4
 339 00b4 1B6B     		ldr	r3, [r3, #48]
 340 00b6 03F00403 		and	r3, r3, #4
 341 00ba FB60     		str	r3, [r7, #12]
 342 00bc FB68     		ldr	r3, [r7, #12]
 343              	.LBE5:
 138:Core/Src/spi.c ****     GPIO_InitStruct.Mode = GPIO_MODE_AF_PP;
 344              		.loc 1 138 25
 345 00be 4FF4E053 		mov	r3, #7168
 346 00c2 FB61     		str	r3, [r7, #28]
 139:Core/Src/spi.c ****     GPIO_InitStruct.Pull = GPIO_NOPULL;
 347              		.loc 1 139 26
 348 00c4 0223     		movs	r3, #2
 349 00c6 3B62     		str	r3, [r7, #32]
 140:Core/Src/spi.c ****     GPIO_InitStruct.Speed = GPIO_SPEED_FREQ_VERY_HIGH;
 350              		.loc 1 140 26
 351 00c8 0023     		movs	r3, #0
 352 00ca 7B62     		str	r3, [r7, #36]
 141:Core/Src/spi.c ****     GPIO_InitStruct.Alternate = GPIO_AF6_SPI3;
 353              		.loc 1 141 27
 354 00cc 0323     		movs	r3, #3
 355 00ce BB62     		str	r3, [r7, #40]
 142:Core/Src/spi.c ****     HAL_GPIO_Init(GPIOC, &GPIO_InitStruct);
 356              		.loc 1 142 31
ARM GAS  C:\Users\16323\AppData\Local\Temp\ccW54Rhj.s 			page 10


 357 00d0 0623     		movs	r3, #6
 358 00d2 FB62     		str	r3, [r7, #44]
 143:Core/Src/spi.c **** 
 359              		.loc 1 143 5
 360 00d4 07F11C03 		add	r3, r7, #28
 361 00d8 1946     		mov	r1, r3
 362 00da 0748     		ldr	r0, .L15+16
 363 00dc FFF7FEFF 		bl	HAL_GPIO_Init
 364              	.L14:
 365              		.loc 1 149 1
 366 00e0 00BF     		nop
 367 00e2 3037     		adds	r7, r7, #48
 368              	.LCFI7:
 369              		.cfi_def_cfa_offset 8
 370 00e4 BD46     		mov	sp, r7
 371              	.LCFI8:
 372              		.cfi_def_cfa_register 13
 373              		@ sp needed
 374 00e6 80BD     		pop	{r7, pc}
 375              	.L16:
 376              		.align	2
 377              	.L15:
 378 00e8 00300140 		.word	1073819648
 379 00ec 00380240 		.word	1073887232
 380 00f0 00000240 		.word	1073872896
 381 00f4 003C0040 		.word	1073757184
 382 00f8 00080240 		.word	1073874944
 383              		.cfi_endproc
 384              	.LFE241:
 386              		.section	.text.HAL_SPI_MspDeInit,"ax",%progbits
 387              		.align	1
 388              		.global	HAL_SPI_MspDeInit
 389              		.syntax unified
 390              		.thumb
 391              		.thumb_func
 393              	HAL_SPI_MspDeInit:
 394              	.LFB242:
 150:Core/Src/spi.c **** 
 151:Core/Src/spi.c **** void HAL_SPI_MspDeInit(SPI_HandleTypeDef* spiHandle)
 152:Core/Src/spi.c **** {
 395              		.loc 1 152 1
 396              		.cfi_startproc
 397              		@ args = 0, pretend = 0, frame = 8
 398              		@ frame_needed = 1, uses_anonymous_args = 0
 399 0000 80B5     		push	{r7, lr}
 400              	.LCFI9:
 401              		.cfi_def_cfa_offset 8
 402              		.cfi_offset 7, -8
 403              		.cfi_offset 14, -4
 404 0002 82B0     		sub	sp, sp, #8
 405              	.LCFI10:
 406              		.cfi_def_cfa_offset 16
 407 0004 00AF     		add	r7, sp, #0
 408              	.LCFI11:
 409              		.cfi_def_cfa_register 7
 410 0006 7860     		str	r0, [r7, #4]
 153:Core/Src/spi.c **** 
ARM GAS  C:\Users\16323\AppData\Local\Temp\ccW54Rhj.s 			page 11


 154:Core/Src/spi.c ****   if(spiHandle->Instance==SPI1)
 411              		.loc 1 154 15
 412 0008 7B68     		ldr	r3, [r7, #4]
 413 000a 1B68     		ldr	r3, [r3]
 414              		.loc 1 154 5
 415 000c 104A     		ldr	r2, .L21
 416 000e 9342     		cmp	r3, r2
 417 0010 0AD1     		bne	.L18
 155:Core/Src/spi.c ****   {
 156:Core/Src/spi.c ****   /* USER CODE BEGIN SPI1_MspDeInit 0 */
 157:Core/Src/spi.c **** 
 158:Core/Src/spi.c ****   /* USER CODE END SPI1_MspDeInit 0 */
 159:Core/Src/spi.c ****     /* Peripheral clock disable */
 160:Core/Src/spi.c ****     __HAL_RCC_SPI1_CLK_DISABLE();
 418              		.loc 1 160 5
 419 0012 104B     		ldr	r3, .L21+4
 420 0014 5B6C     		ldr	r3, [r3, #68]
 421 0016 0F4A     		ldr	r2, .L21+4
 422 0018 23F48053 		bic	r3, r3, #4096
 423 001c 5364     		str	r3, [r2, #68]
 161:Core/Src/spi.c **** 
 162:Core/Src/spi.c ****     /**SPI1 GPIO Configuration
 163:Core/Src/spi.c ****     PA5     ------> SPI1_SCK
 164:Core/Src/spi.c ****     PA6     ------> SPI1_MISO
 165:Core/Src/spi.c ****     PA7     ------> SPI1_MOSI
 166:Core/Src/spi.c ****     */
 167:Core/Src/spi.c ****     HAL_GPIO_DeInit(GPIOA, GPIO_PIN_5|GPIO_PIN_6|GPIO_PIN_7);
 424              		.loc 1 167 5
 425 001e E021     		movs	r1, #224
 426 0020 0D48     		ldr	r0, .L21+8
 427 0022 FFF7FEFF 		bl	HAL_GPIO_DeInit
 168:Core/Src/spi.c **** 
 169:Core/Src/spi.c ****   /* USER CODE BEGIN SPI1_MspDeInit 1 */
 170:Core/Src/spi.c **** 
 171:Core/Src/spi.c ****   /* USER CODE END SPI1_MspDeInit 1 */
 172:Core/Src/spi.c ****   }
 173:Core/Src/spi.c ****   else if(spiHandle->Instance==SPI3)
 174:Core/Src/spi.c ****   {
 175:Core/Src/spi.c ****   /* USER CODE BEGIN SPI3_MspDeInit 0 */
 176:Core/Src/spi.c **** 
 177:Core/Src/spi.c ****   /* USER CODE END SPI3_MspDeInit 0 */
 178:Core/Src/spi.c ****     /* Peripheral clock disable */
 179:Core/Src/spi.c ****     __HAL_RCC_SPI3_CLK_DISABLE();
 180:Core/Src/spi.c **** 
 181:Core/Src/spi.c ****     /**SPI3 GPIO Configuration
 182:Core/Src/spi.c ****     PC10     ------> SPI3_SCK
 183:Core/Src/spi.c ****     PC11     ------> SPI3_MISO
 184:Core/Src/spi.c ****     PC12     ------> SPI3_MOSI
 185:Core/Src/spi.c ****     */
 186:Core/Src/spi.c ****     HAL_GPIO_DeInit(GPIOC, GPIO_PIN_10|GPIO_PIN_11|GPIO_PIN_12);
 187:Core/Src/spi.c **** 
 188:Core/Src/spi.c ****   /* USER CODE BEGIN SPI3_MspDeInit 1 */
 189:Core/Src/spi.c **** 
 190:Core/Src/spi.c ****   /* USER CODE END SPI3_MspDeInit 1 */
 191:Core/Src/spi.c ****   }
 192:Core/Src/spi.c **** }
 428              		.loc 1 192 1
ARM GAS  C:\Users\16323\AppData\Local\Temp\ccW54Rhj.s 			page 12


 429 0026 0FE0     		b	.L20
 430              	.L18:
 173:Core/Src/spi.c ****   {
 431              		.loc 1 173 20
 432 0028 7B68     		ldr	r3, [r7, #4]
 433 002a 1B68     		ldr	r3, [r3]
 173:Core/Src/spi.c ****   {
 434              		.loc 1 173 10
 435 002c 0B4A     		ldr	r2, .L21+12
 436 002e 9342     		cmp	r3, r2
 437 0030 0AD1     		bne	.L20
 179:Core/Src/spi.c **** 
 438              		.loc 1 179 5
 439 0032 084B     		ldr	r3, .L21+4
 440 0034 1B6C     		ldr	r3, [r3, #64]
 441 0036 074A     		ldr	r2, .L21+4
 442 0038 23F40043 		bic	r3, r3, #32768
 443 003c 1364     		str	r3, [r2, #64]
 186:Core/Src/spi.c **** 
 444              		.loc 1 186 5
 445 003e 4FF4E051 		mov	r1, #7168
 446 0042 0748     		ldr	r0, .L21+16
 447 0044 FFF7FEFF 		bl	HAL_GPIO_DeInit
 448              	.L20:
 449              		.loc 1 192 1
 450 0048 00BF     		nop
 451 004a 0837     		adds	r7, r7, #8
 452              	.LCFI12:
 453              		.cfi_def_cfa_offset 8
 454 004c BD46     		mov	sp, r7
 455              	.LCFI13:
 456              		.cfi_def_cfa_register 13
 457              		@ sp needed
 458 004e 80BD     		pop	{r7, pc}
 459              	.L22:
 460              		.align	2
 461              	.L21:
 462 0050 00300140 		.word	1073819648
 463 0054 00380240 		.word	1073887232
 464 0058 00000240 		.word	1073872896
 465 005c 003C0040 		.word	1073757184
 466 0060 00080240 		.word	1073874944
 467              		.cfi_endproc
 468              	.LFE242:
 470              		.text
 471              	.Letext0:
 472              		.file 2 "d:\\st\\gnu arm embedded toolchain\\10 2021.10\\arm-none-eabi\\include\\machine\\_default
 473              		.file 3 "d:\\st\\gnu arm embedded toolchain\\10 2021.10\\arm-none-eabi\\include\\sys\\_stdint.h"
 474              		.file 4 "Drivers/CMSIS/Device/ST/STM32F4xx/Include/stm32f446xx.h"
 475              		.file 5 "Drivers/STM32F4xx_HAL_Driver/Inc/stm32f4xx_hal_def.h"
 476              		.file 6 "Drivers/STM32F4xx_HAL_Driver/Inc/stm32f4xx_hal_gpio.h"
 477              		.file 7 "Drivers/STM32F4xx_HAL_Driver/Inc/stm32f4xx_hal_dma.h"
 478              		.file 8 "Drivers/STM32F4xx_HAL_Driver/Inc/stm32f4xx_hal_spi.h"
 479              		.file 9 "Core/Inc/spi.h"
ARM GAS  C:\Users\16323\AppData\Local\Temp\ccW54Rhj.s 			page 13


DEFINED SYMBOLS
                            *ABS*:00000000 spi.c
C:\Users\16323\AppData\Local\Temp\ccW54Rhj.s:24     .bss.hspi1:00000000 hspi1
C:\Users\16323\AppData\Local\Temp\ccW54Rhj.s:21     .bss.hspi1:00000000 $d
C:\Users\16323\AppData\Local\Temp\ccW54Rhj.s:31     .bss.hspi3:00000000 hspi3
C:\Users\16323\AppData\Local\Temp\ccW54Rhj.s:28     .bss.hspi3:00000000 $d
C:\Users\16323\AppData\Local\Temp\ccW54Rhj.s:34     .text.MX_SPI1_Init:00000000 $t
C:\Users\16323\AppData\Local\Temp\ccW54Rhj.s:40     .text.MX_SPI1_Init:00000000 MX_SPI1_Init
C:\Users\16323\AppData\Local\Temp\ccW54Rhj.s:119    .text.MX_SPI1_Init:00000068 $d
C:\Users\16323\AppData\Local\Temp\ccW54Rhj.s:125    .text.MX_SPI3_Init:00000000 $t
C:\Users\16323\AppData\Local\Temp\ccW54Rhj.s:131    .text.MX_SPI3_Init:00000000 MX_SPI3_Init
C:\Users\16323\AppData\Local\Temp\ccW54Rhj.s:209    .text.MX_SPI3_Init:00000068 $d
C:\Users\16323\AppData\Local\Temp\ccW54Rhj.s:215    .text.HAL_SPI_MspInit:00000000 $t
C:\Users\16323\AppData\Local\Temp\ccW54Rhj.s:221    .text.HAL_SPI_MspInit:00000000 HAL_SPI_MspInit
C:\Users\16323\AppData\Local\Temp\ccW54Rhj.s:378    .text.HAL_SPI_MspInit:000000e8 $d
C:\Users\16323\AppData\Local\Temp\ccW54Rhj.s:387    .text.HAL_SPI_MspDeInit:00000000 $t
C:\Users\16323\AppData\Local\Temp\ccW54Rhj.s:393    .text.HAL_SPI_MspDeInit:00000000 HAL_SPI_MspDeInit
C:\Users\16323\AppData\Local\Temp\ccW54Rhj.s:462    .text.HAL_SPI_MspDeInit:00000050 $d

UNDEFINED SYMBOLS
HAL_SPI_Init
Error_Handler
HAL_GPIO_Init
HAL_GPIO_DeInit
